<?xml version="1.0" encoding="UTF-8"?>
<testng-results ignored="0" total="5" passed="5" failed="0" skipped="0">
  <reporter-output>
  </reporter-output>
  <suite started-at="2025-07-08T11:08:48 IST" name="Default suite" finished-at="2025-07-08T11:10:41 IST" duration-ms="112779">
    <groups>
    </groups>
    <test started-at="2025-07-08T11:08:48 IST" name="Default test" finished-at="2025-07-08T11:10:41 IST" duration-ms="112779">
      <class name="QA.auto.ClearAnnotation">
        <test-method is-config="true" signature="setup()[pri:0, instance:QA.auto.ClearAnnotation@79e4c792]" started-at="2025-07-08T11:08:48 IST" name="setup" finished-at="2025-07-08T11:08:55 IST" duration-ms="7034" status="PASS">
          <reporter-output>
          </reporter-output>
        </test-method> <!-- setup -->
        <test-method signature="Login()[pri:1, instance:QA.auto.ClearAnnotation@79e4c792]" started-at="2025-07-08T11:08:55 IST" name="Login" finished-at="2025-07-08T11:09:53 IST" duration-ms="58121" status="PASS">
          <reporter-output>
          </reporter-output>
        </test-method> <!-- Login -->
        <test-method signature="table()[pri:2, instance:QA.auto.ClearAnnotation@79e4c792]" started-at="2025-07-08T11:09:53 IST" name="table" finished-at="2025-07-08T11:10:03 IST" duration-ms="9651" status="PASS">
          <reporter-output>
          </reporter-output>
        </test-method> <!-- table -->
        <test-method signature="Direct_Draw_page()[pri:3, instance:QA.auto.ClearAnnotation@79e4c792]" started-at="2025-07-08T11:10:03 IST" name="Direct_Draw_page" finished-at="2025-07-08T11:10:10 IST" duration-ms="7630" status="PASS">
          <reporter-output>
          </reporter-output>
        </test-method> <!-- Direct_Draw_page -->
        <test-method signature="select_contributor()[pri:4, instance:QA.auto.ClearAnnotation@79e4c792]" started-at="2025-07-08T11:10:10 IST" name="select_contributor" finished-at="2025-07-08T11:10:23 IST" duration-ms="12783" status="PASS">
          <reporter-output>
          </reporter-output>
        </test-method> <!-- select_contributor -->
        <test-method signature="atlas()[pri:5, instance:QA.auto.ClearAnnotation@79e4c792]" started-at="2025-07-08T11:10:23 IST" name="atlas" finished-at="2025-07-08T11:10:40 IST" duration-ms="17104" status="PASS">
          <reporter-output>
          </reporter-output>
        </test-method> <!-- atlas -->
        <test-method is-config="true" signature="tearDown()[pri:0, instance:QA.auto.ClearAnnotation@79e4c792]" started-at="2025-07-08T11:10:40 IST" name="tearDown" finished-at="2025-07-08T11:10:41 IST" duration-ms="404" status="PASS">
          <reporter-output>
          </reporter-output>
        </test-method> <!-- tearDown -->
      </class> <!-- QA.auto.ClearAnnotation -->
    </test> <!-- Default test -->
  </suite> <!-- Default suite -->
</testng-results>
